[21-Aug-2018 14:36:54 Asia/Manila] PHP Notice:  Undefined index: id in C:\Users\SLY One\Desktop\UwAmp310\www\naive\angular\modules\account\account-profile.php on line 11
[21-Aug-2018 14:36:54 Asia/Manila] PHP Stack trace:
[21-Aug-2018 14:36:54 Asia/Manila] PHP   1. {main}() C:\Users\SLY One\Desktop\UwAmp310\www\naive\angular\modules\account\account-profile.php:0
[21-Aug-2018 14:36:54 Asia/Manila] PHP Fatal error:  Uncaught PDOException: SQLSTATE[42000]: Syntax error or access violation: 1064 You have an error in your SQL syntax; check the manual that corresponds to your MySQL server version for the right syntax to use near '' at line 1 in C:\Users\SLY One\Desktop\UwAmp310\www\naive\db.php:39
Stack trace:
#0 C:\Users\SLY One\Desktop\UwAmp310\www\naive\db.php(39): PDO->query('SELECT name FRO...')
#1 C:\Users\SLY One\Desktop\UwAmp310\www\naive\db.php(71): pdo_db->getData('SELECT name FRO...')
#2 C:\Users\SLY One\Desktop\UwAmp310\www\naive\angular\modules\account\account-profile.php(11): pdo_db->get(Array, Array)
#3 {main}
  thrown in C:\Users\SLY One\Desktop\UwAmp310\www\naive\db.php on line 39
[21-Aug-2018 14:48:30 Asia/Manila] PHP Notice:  Undefined index: id in C:\Users\SLY One\Desktop\UwAmp310\www\naive\angular\modules\account\account-profile.php on line 11
[21-Aug-2018 14:48:30 Asia/Manila] PHP Stack trace:
[21-Aug-2018 14:48:30 Asia/Manila] PHP   1. {main}() C:\Users\SLY One\Desktop\UwAmp310\www\naive\angular\modules\account\account-profile.php:0
[21-Aug-2018 14:48:30 Asia/Manila] PHP Fatal error:  Uncaught PDOException: SQLSTATE[42000]: Syntax error or access violation: 1064 You have an error in your SQL syntax; check the manual that corresponds to your MySQL server version for the right syntax to use near '' at line 1 in C:\Users\SLY One\Desktop\UwAmp310\www\naive\db.php:39
Stack trace:
#0 C:\Users\SLY One\Desktop\UwAmp310\www\naive\db.php(39): PDO->query('SELECT name FRO...')
#1 C:\Users\SLY One\Desktop\UwAmp310\www\naive\db.php(71): pdo_db->getData('SELECT name FRO...')
#2 C:\Users\SLY One\Desktop\UwAmp310\www\naive\angular\modules\account\account-profile.php(11): pdo_db->get(Array, Array)
#3 {main}
  thrown in C:\Users\SLY One\Desktop\UwAmp310\www\naive\db.php on line 39
[21-Aug-2018 16:36:35 Asia/Manila] PHP Notice:  Undefined index: id in C:\Users\SLY One\Desktop\UwAmp310\www\naive\angular\modules\account\account-profile.php on line 11
[21-Aug-2018 16:36:35 Asia/Manila] PHP Stack trace:
[21-Aug-2018 16:36:35 Asia/Manila] PHP   1. {main}() C:\Users\SLY One\Desktop\UwAmp310\www\naive\angular\modules\account\account-profile.php:0
[21-Aug-2018 16:36:35 Asia/Manila] PHP Fatal error:  Uncaught PDOException: SQLSTATE[42000]: Syntax error or access violation: 1064 You have an error in your SQL syntax; check the manual that corresponds to your MySQL server version for the right syntax to use near '' at line 1 in C:\Users\SLY One\Desktop\UwAmp310\www\naive\db.php:39
Stack trace:
#0 C:\Users\SLY One\Desktop\UwAmp310\www\naive\db.php(39): PDO->query('SELECT name FRO...')
#1 C:\Users\SLY One\Desktop\UwAmp310\www\naive\db.php(71): pdo_db->getData('SELECT name FRO...')
#2 C:\Users\SLY One\Desktop\UwAmp310\www\naive\angular\modules\account\account-profile.php(11): pdo_db->get(Array, Array)
#3 {main}
  thrown in C:\Users\SLY One\Desktop\UwAmp310\www\naive\db.php on line 39
